<?xml version="1.0" encoding="UTF-8"?>
<!-- Generated by org.testng.reporters.JUnitReportReporter -->
<testsuite hostname="LAPTOP-03NV3H68" failures="0" tests="1" name="selinium.Login" time="12.479" errors="0" timestamp="2025-05-19T20:16:35 IST" skipped="0">
  <testcase classname="selinium.Login" name="use" time="12.479"/>
</testsuite> <!-- selinium.Login -->
